#! /usr/local/bin/vvp
:ivl_version "12.0 (stable)";
:ivl_delay_selection "TYPICAL";
:vpi_time_precision + 0;
:vpi_module "/usr/local/lib/ivl/system.vpi";
:vpi_module "/usr/local/lib/ivl/vhdl_sys.vpi";
:vpi_module "/usr/local/lib/ivl/vhdl_textio.vpi";
:vpi_module "/usr/local/lib/ivl/v2005_math.vpi";
:vpi_module "/usr/local/lib/ivl/va_math.vpi";
:vpi_module "/usr/local/lib/ivl/v2009.vpi";
S_0x2650fc0 .scope package, "$unit" "$unit" 2 1;
 .timescale 0 0;
S_0x2650da0 .scope module, "PID_Controller_tb" "PID_Controller_tb" 3 1;
 .timescale 0 0;
v0x26846c0_0 .var "clk", 0 0;
v0x2684780_0 .net/s "control_output", 15 0, v0x2683ac0_0;  1 drivers
v0x2684850_0 .var/s "process_variable", 15 0;
v0x2684950_0 .var "reset", 0 0;
v0x26849f0_0 .var/s "setpoint", 15 0;
S_0x2655110 .scope module, "uut" "PID_Controller" 3 19, 4 1 0, S_0x2650da0;
 .timescale 0 0;
    .port_info 0 /INPUT 1 "clk";
    .port_info 1 /INPUT 1 "reset";
    .port_info 2 /INPUT 16 "setpoint";
    .port_info 3 /INPUT 16 "process_variable";
    .port_info 4 /OUTPUT 16 "control_output";
    .port_info 5 /OUTPUT 16 "error";
    .port_info 6 /OUTPUT 16 "integral";
    .port_info 7 /OUTPUT 16 "derivative";
    .port_info 8 /OUTPUT 32 "P_term";
    .port_info 9 /OUTPUT 32 "I_term";
    .port_info 10 /OUTPUT 32 "D_term";
    .port_info 11 /OUTPUT 32 "PID_output";
P_0x264ffa0 .param/l "Kd" 0 4 19, +C4<0000100000000000>;
P_0x264ffe0 .param/l "Ki" 0 4 18, +C4<0000000100000000>;
P_0x2650020 .param/l "Kp" 0 4 17, +C4<0001000000000000>;
L_0x2684a90 .functor BUFZ 16, v0x2683e40_0, C4<0000000000000000>, C4<0000000000000000>, C4<0000000000000000>;
L_0x2684b60 .functor BUFZ 16, v0x2684000_0, C4<0000000000000000>, C4<0000000000000000>, C4<0000000000000000>;
L_0x2684c30 .functor BUFZ 16, v0x2683c80_0, C4<0000000000000000>, C4<0000000000000000>, C4<0000000000000000>;
L_0x2684d00 .functor BUFZ 32, v0x2683890_0, C4<00000000000000000000000000000000>, C4<00000000000000000000000000000000>, C4<00000000000000000000000000000000>;
L_0x2684e00 .functor BUFZ 32, v0x26834c0_0, C4<00000000000000000000000000000000>, C4<00000000000000000000000000000000>, C4<00000000000000000000000000000000>;
L_0x2684ed0 .functor BUFZ 32, v0x26832f0_0, C4<00000000000000000000000000000000>, C4<00000000000000000000000000000000>, C4<00000000000000000000000000000000>;
L_0x2684fe0 .functor BUFZ 32, v0x26836d0_0, C4<00000000000000000000000000000000>, C4<00000000000000000000000000000000>, C4<00000000000000000000000000000000>;
v0x266d040_0 .net/s "D_term", 31 0, L_0x2684ed0;  1 drivers
v0x26832f0_0 .var/s "D_term_reg", 31 0;
v0x26833d0_0 .net/s "I_term", 31 0, L_0x2684e00;  1 drivers
v0x26834c0_0 .var/s "I_term_reg", 31 0;
v0x26835a0_0 .net/s "PID_output", 31 0, L_0x2684fe0;  1 drivers
v0x26836d0_0 .var/s "PID_output_reg", 31 0;
v0x26837b0_0 .net/s "P_term", 31 0, L_0x2684d00;  1 drivers
v0x2683890_0 .var/s "P_term_reg", 31 0;
v0x2683970_0 .net "clk", 0 0, v0x26846c0_0;  1 drivers
v0x2683ac0_0 .var/s "control_output", 15 0;
v0x2683ba0_0 .net/s "derivative", 15 0, L_0x2684c30;  1 drivers
v0x2683c80_0 .var/s "derivative_reg", 15 0;
v0x2683d60_0 .net/s "error", 15 0, L_0x2684a90;  1 drivers
v0x2683e40_0 .var/s "error_reg", 15 0;
v0x2683f20_0 .net/s "integral", 15 0, L_0x2684b60;  1 drivers
v0x2684000_0 .var/s "integral_reg", 15 0;
v0x26840e0_0 .var/s "prev_error", 15 0;
v0x2684290_0 .net/s "process_variable", 15 0, v0x2684850_0;  1 drivers
v0x2684330_0 .net "reset", 0 0, v0x2684950_0;  1 drivers
v0x26843f0_0 .net/s "setpoint", 15 0, v0x26849f0_0;  1 drivers
E_0x266d500 .event posedge, v0x2684330_0, v0x2683970_0;
    .scope S_0x2655110;
T_0 ;
    %wait E_0x266d500;
    %load/vec4 v0x2684330_0;
    %flag_set/vec4 8;
    %jmp/0xz  T_0.0, 8;
    %pushi/vec4 0, 0, 16;
    %assign/vec4 v0x2684000_0, 0;
    %pushi/vec4 0, 0, 16;
    %assign/vec4 v0x26840e0_0, 0;
    %pushi/vec4 0, 0, 16;
    %assign/vec4 v0x2683ac0_0, 0;
    %jmp T_0.1;
T_0.0 ;
    %load/vec4 v0x26843f0_0;
    %load/vec4 v0x2684290_0;
    %sub;
    %assign/vec4 v0x2683e40_0, 0;
    %load/vec4 v0x2683e40_0;
    %pad/s 32;
    %muli 4096, 0, 32;
    %assign/vec4 v0x2683890_0, 0;
    %load/vec4 v0x2684000_0;
    %load/vec4 v0x2683e40_0;
    %add;
    %assign/vec4 v0x2684000_0, 0;
    %load/vec4 v0x2684000_0;
    %pad/s 32;
    %muli 256, 0, 32;
    %assign/vec4 v0x26834c0_0, 0;
    %load/vec4 v0x2683e40_0;
    %load/vec4 v0x26840e0_0;
    %sub;
    %assign/vec4 v0x2683c80_0, 0;
    %load/vec4 v0x2683c80_0;
    %pad/s 32;
    %muli 2048, 0, 32;
    %assign/vec4 v0x26832f0_0, 0;
    %load/vec4 v0x2683890_0;
    %load/vec4 v0x26834c0_0;
    %add;
    %load/vec4 v0x26832f0_0;
    %add;
    %assign/vec4 v0x26836d0_0, 0;
    %load/vec4 v0x26836d0_0;
    %parti/s 16, 0, 2;
    %assign/vec4 v0x2683ac0_0, 0;
    %load/vec4 v0x2683e40_0;
    %assign/vec4 v0x26840e0_0, 0;
T_0.1 ;
    %jmp T_0;
    .thread T_0;
    .scope S_0x2650da0;
T_1 ;
    %pushi/vec4 0, 0, 1;
    %store/vec4 v0x26846c0_0, 0, 1;
    %pushi/vec4 1, 0, 1;
    %store/vec4 v0x2684950_0, 0, 1;
    %pushi/vec4 100, 0, 16;
    %store/vec4 v0x26849f0_0, 0, 16;
    %pushi/vec4 0, 0, 16;
    %store/vec4 v0x2684850_0, 0, 16;
    %vpi_call/w 3 35 "$dumpfile", "dump.vcd" {0 0 0};
    %vpi_call/w 3 36 "$dumpvars", 32'sb00000000000000000000000000000000, S_0x2650da0 {0 0 0};
    %delay 5, 0;
    %pushi/vec4 0, 0, 1;
    %store/vec4 v0x2684950_0, 0, 1;
    %delay 10, 0;
    %pushi/vec4 50, 0, 16;
    %store/vec4 v0x2684850_0, 0, 16;
    %delay 10, 0;
    %pushi/vec4 75, 0, 16;
    %store/vec4 v0x2684850_0, 0, 16;
    %delay 10, 0;
    %pushi/vec4 100, 0, 16;
    %store/vec4 v0x2684850_0, 0, 16;
    %delay 10, 0;
    %pushi/vec4 125, 0, 16;
    %store/vec4 v0x2684850_0, 0, 16;
    %delay 10, 0;
    %pushi/vec4 150, 0, 16;
    %store/vec4 v0x2684850_0, 0, 16;
    %delay 100, 0;
    %vpi_call/w 3 49 "$finish" {0 0 0};
    %end;
    .thread T_1;
    .scope S_0x2650da0;
T_2 ;
    %delay 5, 0;
    %load/vec4 v0x26846c0_0;
    %inv;
    %store/vec4 v0x26846c0_0, 0, 1;
    %jmp T_2;
    .thread T_2;
# The file index is used to find the file name in the following table.
:file_names 5;
    "N/A";
    "<interactive>";
    "-";
    "testbench.sv";
    "design.sv";
